Vivado Simulator 2019.1
Time resolution is 1 ps
good! a:   0 y: 0 exp: 0
good! a:   1 y: 1 exp: 1
good! a:   2 y: 1 exp: 1
good! a:   3 y: 1 exp: 1
good! a:   4 y: 1 exp: 1
good! a:   5 y: 1 exp: 1
good! a:   6 y: 1 exp: 1
good! a:   7 y: 1 exp: 1
good! a:   8 y: 2 exp: 2
good! a:   9 y: 2 exp: 2
good! a:  10 y: 2 exp: 2
good! a:  11 y: 2 exp: 2
good! a:  12 y: 2 exp: 2
good! a:  13 y: 2 exp: 2
good! a:  14 y: 2 exp: 2
good! a:  15 y: 2 exp: 2
good! a:  16 y: 2 exp: 2
good! a:  17 y: 2 exp: 2
good! a:  18 y: 2 exp: 2
good! a:  19 y: 2 exp: 2
good! a:  20 y: 2 exp: 2
good! a:  21 y: 2 exp: 2
good! a:  22 y: 2 exp: 2
good! a:  23 y: 2 exp: 2
good! a:  24 y: 2 exp: 2
good! a:  25 y: 2 exp: 2
good! a:  26 y: 2 exp: 2
good! a:  27 y: 3 exp: 3
good! a:  28 y: 3 exp: 3
good! a:  29 y: 3 exp: 3
good! a:  30 y: 3 exp: 3
good! a:  31 y: 3 exp: 3
good! a:  32 y: 3 exp: 3
good! a:  33 y: 3 exp: 3
good! a:  34 y: 3 exp: 3
good! a:  35 y: 3 exp: 3
good! a:  36 y: 3 exp: 3
good! a:  37 y: 3 exp: 3
good! a:  38 y: 3 exp: 3
good! a:  39 y: 3 exp: 3
good! a:  40 y: 3 exp: 3
good! a:  41 y: 3 exp: 3
good! a:  42 y: 3 exp: 3
good! a:  43 y: 3 exp: 3
good! a:  44 y: 3 exp: 3
good! a:  45 y: 3 exp: 3
good! a:  46 y: 3 exp: 3
good! a:  47 y: 3 exp: 3
good! a:  48 y: 3 exp: 3
good! a:  49 y: 3 exp: 3
good! a:  50 y: 3 exp: 3
good! a:  51 y: 3 exp: 3
good! a:  52 y: 3 exp: 3
good! a:  53 y: 3 exp: 3
good! a:  54 y: 3 exp: 3
good! a:  55 y: 3 exp: 3
good! a:  56 y: 3 exp: 3
good! a:  57 y: 3 exp: 3
good! a:  58 y: 3 exp: 3
good! a:  59 y: 3 exp: 3
good! a:  60 y: 3 exp: 3
good! a:  61 y: 3 exp: 3
good! a:  62 y: 3 exp: 3
good! a:  63 y: 3 exp: 3
good! a:  64 y: 4 exp: 4
good! a:  65 y: 4 exp: 4
good! a:  66 y: 4 exp: 4
good! a:  67 y: 4 exp: 4
good! a:  68 y: 4 exp: 4
good! a:  69 y: 4 exp: 4
good! a:  70 y: 4 exp: 4
good! a:  71 y: 4 exp: 4
good! a:  72 y: 4 exp: 4
good! a:  73 y: 4 exp: 4
good! a:  74 y: 4 exp: 4
good! a:  75 y: 4 exp: 4
good! a:  76 y: 4 exp: 4
good! a:  77 y: 4 exp: 4
good! a:  78 y: 4 exp: 4
good! a:  79 y: 4 exp: 4
good! a:  80 y: 4 exp: 4
good! a:  81 y: 4 exp: 4
good! a:  82 y: 4 exp: 4
good! a:  83 y: 4 exp: 4
good! a:  84 y: 4 exp: 4
good! a:  85 y: 4 exp: 4
good! a:  86 y: 4 exp: 4
good! a:  87 y: 4 exp: 4
good! a:  88 y: 4 exp: 4
good! a:  89 y: 4 exp: 4
good! a:  90 y: 4 exp: 4
good! a:  91 y: 4 exp: 4
good! a:  92 y: 4 exp: 4
good! a:  93 y: 4 exp: 4
good! a:  94 y: 4 exp: 4
good! a:  95 y: 4 exp: 4
good! a:  96 y: 4 exp: 4
good! a:  97 y: 4 exp: 4
good! a:  98 y: 4 exp: 4
good! a:  99 y: 4 exp: 4
good! a: 100 y: 4 exp: 4
good! a: 101 y: 4 exp: 4
good! a: 102 y: 4 exp: 4
good! a: 103 y: 4 exp: 4
good! a: 104 y: 4 exp: 4
good! a: 105 y: 4 exp: 4
good! a: 106 y: 4 exp: 4
good! a: 107 y: 4 exp: 4
good! a: 108 y: 4 exp: 4
good! a: 109 y: 4 exp: 4
good! a: 110 y: 4 exp: 4
good! a: 111 y: 4 exp: 4
good! a: 112 y: 4 exp: 4
good! a: 113 y: 4 exp: 4
good! a: 114 y: 4 exp: 4
good! a: 115 y: 4 exp: 4
good! a: 116 y: 4 exp: 4
good! a: 117 y: 4 exp: 4
good! a: 118 y: 4 exp: 4
good! a: 119 y: 4 exp: 4
good! a: 120 y: 4 exp: 4
good! a: 121 y: 4 exp: 4
good! a: 122 y: 4 exp: 4
good! a: 123 y: 4 exp: 4
good! a: 124 y: 4 exp: 4
good! a: 125 y: 5 exp: 5
good! a: 126 y: 5 exp: 5
good! a: 127 y: 5 exp: 5
good! a: 128 y: 5 exp: 5
good! a: 129 y: 5 exp: 5
good! a: 130 y: 5 exp: 5
good! a: 131 y: 5 exp: 5
good! a: 132 y: 5 exp: 5
good! a: 133 y: 5 exp: 5
good! a: 134 y: 5 exp: 5
good! a: 135 y: 5 exp: 5
good! a: 136 y: 5 exp: 5
good! a: 137 y: 5 exp: 5
good! a: 138 y: 5 exp: 5
good! a: 139 y: 5 exp: 5
good! a: 140 y: 5 exp: 5
good! a: 141 y: 5 exp: 5
good! a: 142 y: 5 exp: 5
good! a: 143 y: 5 exp: 5
good! a: 144 y: 5 exp: 5
good! a: 145 y: 5 exp: 5
good! a: 146 y: 5 exp: 5
good! a: 147 y: 5 exp: 5
good! a: 148 y: 5 exp: 5
good! a: 149 y: 5 exp: 5
good! a: 150 y: 5 exp: 5
good! a: 151 y: 5 exp: 5
good! a: 152 y: 5 exp: 5
good! a: 153 y: 5 exp: 5
good! a: 154 y: 5 exp: 5
good! a: 155 y: 5 exp: 5
good! a: 156 y: 5 exp: 5
good! a: 157 y: 5 exp: 5
good! a: 158 y: 5 exp: 5
good! a: 159 y: 5 exp: 5
good! a: 160 y: 5 exp: 5
good! a: 161 y: 5 exp: 5
good! a: 162 y: 5 exp: 5
good! a: 163 y: 5 exp: 5
good! a: 164 y: 5 exp: 5
good! a: 165 y: 5 exp: 5
good! a: 166 y: 5 exp: 5
good! a: 167 y: 5 exp: 5
good! a: 168 y: 5 exp: 5
good! a: 169 y: 5 exp: 5
good! a: 170 y: 5 exp: 5
good! a: 171 y: 5 exp: 5
good! a: 172 y: 5 exp: 5
good! a: 173 y: 5 exp: 5
good! a: 174 y: 5 exp: 5
good! a: 175 y: 5 exp: 5
good! a: 176 y: 5 exp: 5
good! a: 177 y: 5 exp: 5
good! a: 178 y: 5 exp: 5
good! a: 179 y: 5 exp: 5
good! a: 180 y: 5 exp: 5
good! a: 181 y: 5 exp: 5
good! a: 182 y: 5 exp: 5
good! a: 183 y: 5 exp: 5
good! a: 184 y: 5 exp: 5
good! a: 185 y: 5 exp: 5
good! a: 186 y: 5 exp: 5
good! a: 187 y: 5 exp: 5
good! a: 188 y: 5 exp: 5
good! a: 189 y: 5 exp: 5
good! a: 190 y: 5 exp: 5
good! a: 191 y: 5 exp: 5
good! a: 192 y: 5 exp: 5
good! a: 193 y: 5 exp: 5
good! a: 194 y: 5 exp: 5
good! a: 195 y: 5 exp: 5
good! a: 196 y: 5 exp: 5
good! a: 197 y: 5 exp: 5
good! a: 198 y: 5 exp: 5
good! a: 199 y: 5 exp: 5
good! a: 200 y: 5 exp: 5
good! a: 201 y: 5 exp: 5
good! a: 202 y: 5 exp: 5
good! a: 203 y: 5 exp: 5
good! a: 204 y: 5 exp: 5
good! a: 205 y: 5 exp: 5
good! a: 206 y: 5 exp: 5
good! a: 207 y: 5 exp: 5
good! a: 208 y: 5 exp: 5
good! a: 209 y: 5 exp: 5
good! a: 210 y: 5 exp: 5
good! a: 211 y: 5 exp: 5
good! a: 212 y: 5 exp: 5
good! a: 213 y: 5 exp: 5
good! a: 214 y: 5 exp: 5
good! a: 215 y: 5 exp: 5
good! a: 216 y: 6 exp: 6
good! a: 217 y: 6 exp: 6
good! a: 218 y: 6 exp: 6
good! a: 219 y: 6 exp: 6
good! a: 220 y: 6 exp: 6
good! a: 221 y: 6 exp: 6
good! a: 222 y: 6 exp: 6
good! a: 223 y: 6 exp: 6
good! a: 224 y: 6 exp: 6
good! a: 225 y: 6 exp: 6
good! a: 226 y: 6 exp: 6
good! a: 227 y: 6 exp: 6
good! a: 228 y: 6 exp: 6
good! a: 229 y: 6 exp: 6
good! a: 230 y: 6 exp: 6
good! a: 231 y: 6 exp: 6
good! a: 232 y: 6 exp: 6
good! a: 233 y: 6 exp: 6
good! a: 234 y: 6 exp: 6
good! a: 235 y: 6 exp: 6
good! a: 236 y: 6 exp: 6
good! a: 237 y: 6 exp: 6
good! a: 238 y: 6 exp: 6
good! a: 239 y: 6 exp: 6
good! a: 240 y: 6 exp: 6
good! a: 241 y: 6 exp: 6
good! a: 242 y: 6 exp: 6
good! a: 243 y: 6 exp: 6
good! a: 244 y: 6 exp: 6
good! a: 245 y: 6 exp: 6
good! a: 246 y: 6 exp: 6
good! a: 247 y: 6 exp: 6
good! a: 248 y: 6 exp: 6
good! a: 249 y: 6 exp: 6
good! a: 250 y: 6 exp: 6
good! a: 251 y: 6 exp: 6
good! a: 252 y: 6 exp: 6
good! a: 253 y: 6 exp: 6
good! a: 254 y: 6 exp: 6
good! a: 255 y: 6 exp: 6
all tests are good!!
$stop called at time : 125770 ns : File "C:/Users/truem/lab2/lab2.srcs/sim_2/new/cbrt_tb.v" Line 105
